#
# There is insufficient memory for the Java Runtime Environment to continue.
# Native memory allocation (mmap) failed to map 134217728 bytes. Error detail: G1 virtual space
# Possible reasons:
#   The system is out of physical RAM or swap space
#   This process is running with CompressedOops enabled, and the Java Heap may be blocking the growth of the native heap
# Possible solutions:
#   Reduce memory load on the system
#   Increase physical memory or swap space
#   Check if swap backing store is full
#   Decrease Java heap size (-Xmx/-Xms)
#   Decrease number of Java threads
#   Decrease Java thread stack sizes (-Xss)
#   Set larger code cache with -XX:ReservedCodeCacheSize=
#   JVM is running with Unscaled Compressed Oops mode in which the Java heap is
#     placed in the first 4GB address space. The Java Heap base address is the
#     maximum limit for the native heap growth. Please use -XX:HeapBaseMinAddress
#     to set the Java Heap base and to place the Java Heap above 4GB virtual address.
# This output file may be truncated or incomplete.
#
#  Out of Memory Error (os_windows.cpp:3825), pid=17868, tid=1636
#
# JRE version:  (17.0.11) (build )
# Java VM: OpenJDK 64-Bit Server VM (17.0.11+0--11852314, mixed mode, sharing, tiered, compressed oops, compressed class ptrs, g1 gc, windows-amd64)
# No core dump will be written. Minidumps are not enabled by default on client versions of Windows
#

---------------  S U M M A R Y ------------

Command Line: org.jetbrains.kotlin.cli.jvm.K2JVMCompiler @C:\Users\Kaoutar\Desktop\concours_passerelle (2)\concours_passerelle\concours_passerelle\app\build\20241222_12606014940495082775.compiler.options

Host: Intel(R) Core(TM) i5-6200U CPU @ 2.30GHz, 4 cores, 7G,  Windows 10 , 64 bit Build 19041 (10.0.19041.5198)
Time: Sun Dec 22 01:05:33 2024 Maroc (heure d64 bit Build 19041 (10.0.19041.5198) elapsed time: 0.175168 seconds (0d 0h 0m 0s)

---------------  T H R E A D  ---------------

Current thread (0x000001dc3ffc0a40):  JavaThread "Unknown thread" [_thread_in_vm, id=1636, stack(0x0000002159000000,0x0000002159100000)]

Stack: [0x0000002159000000,0x0000002159100000]
Native frames: (J=compiled Java code, j=interpreted, Vv=VM code, C=native code)
V  [jvm.dll+0x687bb9]
V  [jvm.dll+0x84142a]
V  [jvm.dll+0x8430ae]
V  [jvm.dll+0x843713]
V  [jvm.dll+0x24a35f]
V  [jvm.dll+0x684989]
V  [jvm.dll+0x67923a]
V  [jvm.dll+0x30af0b]
V  [jvm.dll+0x3123b6]
V  [jvm.dll+0x361dfe]
V  [jvm.dll+0x36202f]
V  [jvm.dll+0x2e0d38]
V  [jvm.dll+0x2e1ca4]
V  [jvm.dll+0x811f21]
V  [jvm.dll+0x36fb68]
V  [jvm.dll+0x7f0896]
V  [jvm.dll+0x3f3d2f]
V  [jvm.dll+0x3f58e1]
C  [jli.dll+0x528f]
C  [ucrtbase.dll+0x21bb2]
C  [KERNEL32.DLL+0x17374]
C  [ntdll.dll+0x4cc91]


---------------  P R O C E S S  ---------------

Threads class SMR info:
_java_thread_list=0x00007ffb0034efd8, length=0, elements={
}

Java Threads: ( => current thread )

Other Threads:
  0x000001dc4001a040 GCTaskThread "GC Thread#0" [stack: 0x0000002159100000,0x0000002159200000] [id=1004]
  0x000001dc4002abd0 ConcurrentGCThread "G1 Main Marker" [stack: 0x0000002159200000,0x0000002159300000] [id=11828]
  0x000001dc4002b5f0 ConcurrentGCThread "G1 Conc#0" [stack: 0x0000002159300000,0x0000002159400000] [id=10056]

[error occurred during error reporting (printing all threads), id 0xc0000005, EXCEPTION_ACCESS_VIOLATION (0xc0000005) at pc=0x00007ffaffb01907]

VM state: not at safepoint (not fully initialized)

VM Mutex/Monitor currently owned by a thread:  ([mutex/lock_event])
[0x000001dc3ffbb600] Heap_lock - owner thread: 0x000001dc3ffc0a40

Heap address: 0x0000000081e00000, size: 2018 MB, Compressed Oops mode: 32-bit

CDS archive(s) mapped at: [0x0000000000000000-0x0000000000000000-0x0000000000000000), size 0, SharedBaseAddress: 0x0000000800000000, ArchiveRelocationMode: 1.
Narrow klass base: 0x0000000000000000, Narrow klass shift: 0, Narrow klass range: 0x0

GC Precious Log:
<Empty>

Heap:
 garbage-first heap   total 0K, used 0K [0x0000000081e00000, 0x0000000100000000)
  region size 1024K, 0 young (0K), 0 survivors (0K)
 Metaspace       used 0K, committed 0K, reserved 0K
  class space    used 0K, committed 0K, reserved 0K

Heap Regions: E=young(eden), S=young(survivor), O=old, HS=humongous(starts), HC=humongous(continues), CS=collection set, F=free, OA=open archive, CA=closed archive, TAMS=top-at-mark-start (previous, next)

Card table byte_map: [0x000001dc528a0000,0x000001dc52ca0000] _byte_map_base: 0x000001dc52491000

Marking Bits (Prev, Next): (CMBitMap*) 0x000001dc4001a660, (CMBitMap*) 0x000001dc4001a6a0
 Prev Bits: [0x000001dc530a0000, 0x000001dc55028000)
 Next Bits: [0x000001dc55030000, 0x000001dc56fb8000)

GC Heap History (0 events):
No events

Dll operation events (1 events):
Event: 0.040 Loaded shared library D:\Android\jbr\bin\java.dll

Deoptimization events (0 events):
No events

Classes unloaded (0 events):
No events

Classes redefined (0 events):
No events

Internal exceptions (0 events):
No events

VM Operations (0 events):
No events

Events (0 events):
No events


Dynamic libraries:
0x00007ff7917f0000 - 0x00007ff7917fa000 	D:\Android\jbr\bin\java.exe
0x00007ffb522d0000 - 0x00007ffb524c8000 	C:\Windows\SYSTEM32\ntdll.dll
0x00007ffb502f0000 - 0x00007ffb503b2000 	C:\Windows\System32\KERNEL32.DLL
0x00007ffb4fee0000 - 0x00007ffb501de000 	C:\Windows\System32\KERNELBASE.dll
0x00007ffb4fde0000 - 0x00007ffb4fee0000 	C:\Windows\System32\ucrtbase.dll
0x00007ffb403c0000 - 0x00007ffb403d7000 	D:\Android\jbr\bin\jli.dll
0x00007ffb510d0000 - 0x00007ffb5126d000 	C:\Windows\System32\USER32.dll
0x00007ffb4fae0000 - 0x00007ffb4fb02000 	C:\Windows\System32\win32u.dll
0x00007ffb50c00000 - 0x00007ffb50c2b000 	C:\Windows\System32\GDI32.dll
0x00007ffb4f970000 - 0x00007ffb4fa87000 	C:\Windows\System32\gdi32full.dll
0x00007ffb50250000 - 0x00007ffb502ed000 	C:\Windows\System32\msvcp_win.dll
0x00007ffb3abe0000 - 0x00007ffb3ae7a000 	C:\Windows\WinSxS\amd64_microsoft.windows.common-controls_6595b64144ccf1df_6.0.19041.4355_none_60b8b9eb71f62e16\COMCTL32.dll
0x00007ffb520a0000 - 0x00007ffb5213e000 	C:\Windows\System32\msvcrt.dll
0x00007ffb255f0000 - 0x00007ffb2560b000 	D:\Android\jbr\bin\VCRUNTIME140.dll
0x00007ffb521f0000 - 0x00007ffb5221f000 	C:\Windows\System32\IMM32.DLL
0x00007ffb3b110000 - 0x00007ffb3b11c000 	D:\Android\jbr\bin\vcruntime140_1.dll
0x00007ffb15eb0000 - 0x00007ffb15f3d000 	D:\Android\jbr\bin\msvcp140.dll
0x00007ffaff810000 - 0x00007ffb00493000 	D:\Android\jbr\bin\server\jvm.dll
0x00007ffb51700000 - 0x00007ffb517b1000 	C:\Windows\System32\ADVAPI32.dll
0x00007ffb512d0000 - 0x00007ffb5136f000 	C:\Windows\System32\sechost.dll
0x00007ffb50d20000 - 0x00007ffb50e43000 	C:\Windows\System32\RPCRT4.dll
0x00007ffb4fb10000 - 0x00007ffb4fb37000 	C:\Windows\System32\bcrypt.dll
0x00007ffb4f7d0000 - 0x00007ffb4f81b000 	C:\Windows\SYSTEM32\POWRPROF.dll
0x00007ffb49470000 - 0x00007ffb49479000 	C:\Windows\SYSTEM32\WSOCK32.dll
0x00007ffb52220000 - 0x00007ffb5228b000 	C:\Windows\System32\WS2_32.dll
0x00007ffb31c80000 - 0x00007ffb31ca7000 	C:\Windows\SYSTEM32\WINMM.dll
0x00007ffb44460000 - 0x00007ffb4446a000 	C:\Windows\SYSTEM32\VERSION.dll
0x00007ffb4f700000 - 0x00007ffb4f712000 	C:\Windows\SYSTEM32\UMPDC.dll
0x00007ffb4e1c0000 - 0x00007ffb4e1d2000 	C:\Windows\SYSTEM32\kernel.appcore.dll
0x00007ffb48750000 - 0x00007ffb4875a000 	D:\Android\jbr\bin\jimage.dll
0x00007ffb4df70000 - 0x00007ffb4e154000 	C:\Windows\SYSTEM32\DBGHELP.DLL
0x00007ffb36d60000 - 0x00007ffb36d94000 	C:\Windows\SYSTEM32\dbgcore.DLL
0x00007ffb4fbf0000 - 0x00007ffb4fc72000 	C:\Windows\System32\bcryptPrimitives.dll
0x00007ffb40e50000 - 0x00007ffb40e75000 	D:\Android\jbr\bin\java.dll

dbghelp: loaded successfully - version: 4.0.5 - missing functions: none
symbol engine: initialized successfully - sym options: 0x614 - pdb path: .;D:\Android\jbr\bin;C:\Windows\SYSTEM32;C:\Windows\WinSxS\amd64_microsoft.windows.common-controls_6595b64144ccf1df_6.0.19041.4355_none_60b8b9eb71f62e16;D:\Android\jbr\bin\server

VM Arguments:
java_command: org.jetbrains.kotlin.cli.jvm.K2JVMCompiler @C:\Users\Kaoutar\Desktop\concours_passerelle (2)\concours_passerelle\concours_passerelle\app\build\20241222_12606014940495082775.compiler.options
java_class_path (initial): C:\Users\Kaoutar\.gradle\caches\modules-2\files-2.1\org.jetbrains.kotlin\kotlin-compiler-embeddable\1.9.0\2c8c3a7402becca891f12739b3e9fd2dc2adbd7a\kotlin-compiler-embeddable-1.9.0.jar;C:\Users\Kaoutar\.gradle\caches\modules-2\files-2.1\org.jetbrains.kotlin\kotlin-stdlib\1.9.0\8ee15ef0c67dc83d874f412d84378d7f0eb50b63\kotlin-stdlib-1.9.0.jar;C:\Users\Kaoutar\.gradle\caches\modules-2\files-2.1\org.jetbrains.kotlin\kotlin-script-runtime\1.9.0\4b3102cbbb7e1b58d9d1adf89563f00069ffa7d1\kotlin-script-runtime-1.9.0.jar;C:\Users\Kaoutar\.gradle\caches\modules-2\files-2.1\org.jetbrains.kotlin\kotlin-reflect\1.6.10\1cbe9c92c12a94eea200d23c2bbaedaf3daf5132\kotlin-reflect-1.6.10.jar;C:\Users\Kaoutar\.gradle\caches\modules-2\files-2.1\org.jetbrains.kotlin\kotlin-daemon-embeddable\1.9.0\186543f5e28cf8d9a0290fecc2cf34301c40a65c\kotlin-daemon-embeddable-1.9.0.jar;C:\Users\Kaoutar\.gradle\caches\modules-2\files-2.1\org.jetbrains.intellij.deps\trove4j\1.0.20200330\3afb14d5f9ceb459d724e907a21145e8ff394f02\trove4j-1.0.20200330.jar;C:\Users\Kaoutar\.gradle\caches\modules-2\files-2.1\org.jetbrains.kotlin\kotlin-stdlib-common\1.9.0\cd65c21cfd1eec4d44ef09f9f52b6d9f8a720636\kotlin-stdlib-common-1.9.0.jar;C:\Users\Kaoutar\.gradle\caches\modules-2\files-2.1\org.jetbrains\annotations\13.0\919f0dfe192fb4e063e7dacadee7f8bb9a2672a9\annotations-13.0.jar
Launcher Type: SUN_STANDARD

[Global flags]
     intx CICompilerCount                          = 3                                         {product} {ergonomic}
     uint ConcGCThreads                            = 1                                         {product} {ergonomic}
     uint G1ConcRefinementThreads                  = 4                                         {product} {ergonomic}
   size_t G1HeapRegionSize                         = 1048576                                   {product} {ergonomic}
    uintx GCDrainStackTargetSize                   = 64                                        {product} {ergonomic}
   size_t InitialHeapSize                          = 134217728                                 {product} {ergonomic}
   size_t MarkStackSize                            = 4194304                                   {product} {ergonomic}
   size_t MaxHeapSize                              = 2116026368                                {product} {ergonomic}
   size_t MinHeapDeltaBytes                        = 1048576                                   {product} {ergonomic}
   size_t MinHeapSize                              = 8388608                                   {product} {ergonomic}
    uintx NonNMethodCodeHeapSize                   = 5832780                                {pd product} {ergonomic}
    uintx NonProfiledCodeHeapSize                  = 122912730                              {pd product} {ergonomic}
    uintx ProfiledCodeHeapSize                     = 122912730                              {pd product} {ergonomic}
    uintx ReservedCodeCacheSize                    = 251658240                              {pd product} {ergonomic}
     bool SegmentedCodeCache                       = true                                      {product} {ergonomic}
   size_t SoftMaxHeapSize                          = 2116026368                             {manageable} {ergonomic}
     bool UseCompressedClassPointers               = true                           {product lp64_product} {ergonomic}
     bool UseCompressedOops                        = true                           {product lp64_product} {ergonomic}
     bool UseG1GC                                  = true                                      {product} {ergonomic}
     bool UseLargePagesIndividualAllocation        = false                                  {pd product} {ergonomic}

Logging:
Log output configuration:
 #0: stdout all=warning uptime,level,tags
 #1: stderr all=off uptime,level,tags

Environment Variables:
PATH=D:\JAVA17\bin;D:\JAVA\bin;C:\oraclexe\app\oracle\product\11.2.0\server\bin;C:\oraclexe\app\oracle\product\11.2.0\server\bin;C:\Users\Ahmed\WINDOWS.X64_213000_db_home\bin;C:\Users\Kaoutar\Desktop\WINDOWS.X64_213000_db_home\bin;C:\Windows\system32;C:\Windows;C:\Windows\System32\Wbem;C:\Windows\System32\WindowsPowerShell\v1.0\;C:\Windows\System32\OpenSSH\;C:\Program Files (x86)\Intel\Intel(R) Management Engine Components\DAL;C:\Program Files\Intel\Intel(R) Management Engine Components\DAL;C:\xampp\php;C:\composer;C:\Program Files\Microsoft SQL Server\150\Tools\Binn\;C:\Program Files (x86)\Yarn\bin\;C:\sqlite;C:\wamp64\www\cakephp-5-0-4\bin;C:\wamp64\bin\php\php8.2.13;C:\php-8.3.4;C:\Program Files\MySQL\MySQL Server 8.0\bin;C:\MinGW\bin;C:\Program Files\Java\jdk-22\bin;C:\Program Files\nodejs\;C:\Program Files\MongoDB\Server\7.0\bin;C:\Program Files\Git\cmd;D:\apache-maven-3.9.9-bin\apache-maven-3.9.9\bin;D:\JAVA\bin;D:\JAVA17\bin;C:\Ruby31-x64\bin;C:\Users\Kaoutar\AppData\Local\Programs\Python\Python312\Scripts\;C:\Users\Kaoutar\AppData\Local\Programs\Python\Python312\;C:\Program Files\MySQL\MySQL Shell 8.0\bin\;C:\Users\kaoutar\AppData\Local\Microsoft\WindowsApps;C:\Users\Kaoutar\AppData\Local\Programs\Microsoft VS Code\bin;C:\MinGW\bin;C:\Users\Kaoutar\AppData\Roaming\Composer\vendor\bin;C:\Users\kaoutar\AppData\Local\Yarn\bin;C:\xampp\htdocs\cakephp-5-0-4\bin;C:\xampp\php;C:\Users\kaoutar\AppData\Roaming\npm;C:\GitLab-Runner;
USERNAME=AHMED
OS=Windows_NT
PROCESSOR_IDENTIFIER=Intel64 Family 6 Model 78 Stepping 3, GenuineIntel
TMP=C:\Users\kaoutar\AppData\Local\Temp
TEMP=C:\Users\kaoutar\AppData\Local\Temp



Periodic native trim disabled

JNI global refs:
JNI global refs: 0, weak refs: 0

JNI global refs memory usage: 0, weak refs: 0

Process memory usage:
Resident Set Size: 10972K (0% of 8265384K total physical memory with 155448K free physical memory)

OOME stack traces (most recent first):
Classloader memory used:


---------------  S Y S T E M  ---------------

OS:
 Windows 10 , 64 bit Build 19041 (10.0.19041.5198)
OS uptime: 8 days 1:10 hours

CPU: total 4 (initial active 4) (2 cores per cpu, 2 threads per core) family 6 model 78 stepping 3 microcode 0xe2, cx8, cmov, fxsr, ht, mmx, 3dnowpref, sse, sse2, sse3, ssse3, sse4.1, sse4.2, popcnt, lzcnt, tsc, tscinvbit, avx, avx2, aes, erms, clmul, bmi1, bmi2, adx, fma, vzeroupper, clflush, clflushopt
Processor Information for processor 0
  Max Mhz: 2400, Current Mhz: 1500, Mhz Limit: 2280
Processor Information for processor 1
  Max Mhz: 2400, Current Mhz: 1500, Mhz Limit: 2280
Processor Information for processor 2
  Max Mhz: 2400, Current Mhz: 2300, Mhz Limit: 2280
Processor Information for processor 3
  Max Mhz: 2400, Current Mhz: 2300, Mhz Limit: 2280

Memory: 4k page, system-wide physical 8071M (151M free)
TotalPageFile size 20571M (AvailPageFile size 110M)
current process WorkingSet (physical memory assigned to process): 10M, peak: 10M
current process commit charge ("private bytes"): 51M, peak: 179M

vm_info: OpenJDK 64-Bit Server VM (17.0.11+0--11852314) for windows-amd64 JRE (17.0.11+0--11852314), built on May 16 2024 21:29:20 by "androidbuild" with MS VC++ 16.10 / 16.11 (VS2019)

END.
